[2023-12-11T21:21:48.492+0000] {taskinstance.py:1159} INFO - Dependencies all met for dep_context=non-requeueable deps ti=<TaskInstance: ETL_NASA.get_asteroid_data_task scheduled__2023-11-18T00:00:00+00:00 [queued]>
[2023-12-11T21:21:48.521+0000] {taskinstance.py:1159} INFO - Dependencies all met for dep_context=requeueable deps ti=<TaskInstance: ETL_NASA.get_asteroid_data_task scheduled__2023-11-18T00:00:00+00:00 [queued]>
[2023-12-11T21:21:48.522+0000] {taskinstance.py:1361} INFO - Starting attempt 1 of 2
[2023-12-11T21:21:48.554+0000] {taskinstance.py:1382} INFO - Executing <Task(PythonOperator): get_asteroid_data_task> on 2023-11-18 00:00:00+00:00
[2023-12-11T21:21:48.566+0000] {standard_task_runner.py:57} INFO - Started process 267 to run task
[2023-12-11T21:21:48.576+0000] {standard_task_runner.py:84} INFO - Running: ['***', 'tasks', 'run', 'ETL_NASA', 'get_asteroid_data_task', 'scheduled__2023-11-18T00:00:00+00:00', '--job-id', '91', '--raw', '--subdir', 'DAGS_FOLDER/dag_nasa.py', '--cfg-path', '/tmp/tmpp74u_97o']
[2023-12-11T21:21:48.579+0000] {standard_task_runner.py:85} INFO - Job 91: Subtask get_asteroid_data_task
[2023-12-11T21:21:48.731+0000] {task_command.py:416} INFO - Running <TaskInstance: ETL_NASA.get_asteroid_data_task scheduled__2023-11-18T00:00:00+00:00 [running]> on host d9b326dafe4c
[2023-12-11T21:21:48.938+0000] {taskinstance.py:1662} INFO - Exporting env vars: AIRFLOW_CTX_DAG_OWNER='Jose Daniel Pérez' AIRFLOW_CTX_DAG_ID='ETL_NASA' AIRFLOW_CTX_TASK_ID='get_asteroid_data_task' AIRFLOW_CTX_EXECUTION_DATE='2023-11-18T00:00:00+00:00' AIRFLOW_CTX_TRY_NUMBER='1' AIRFLOW_CTX_DAG_RUN_ID='scheduled__2023-11-18T00:00:00+00:00'
[2023-12-11T21:21:49.990+0000] {logging_mixin.py:154} INFO - Conexion exitosa
[2023-12-11T21:21:50.000+0000] {python.py:194} INFO - Done. Returned value was:            Nombre  ... Distancia a la Tierra (kilómetros)
0    (2006 UL185)  ...                 33691526.585975446
1    (2013 TC136)  ...                 69415696.996901268
2      (2017 RP2)  ...                 42690875.045076463
3      (2019 TA7)  ...                   48048608.3317157
4      (2020 TH6)  ...                 16431658.167807157
..            ...  ...                                ...
225    (2023 UU1)  ...                   526036.271085811
226    (2023 UR3)  ...                    2577400.7585282
227   (2023 UM10)  ...                   750370.574095725
228    (2023 VF1)  ...                 22799576.563098442
229    (2023 WH3)  ...                  5910104.303006451

[230 rows x 4 columns]
[2023-12-11T21:21:50.149+0000] {taskinstance.py:1400} INFO - Marking task as SUCCESS. dag_id=ETL_NASA, task_id=get_asteroid_data_task, execution_date=20231118T000000, start_date=20231211T212148, end_date=20231211T212150
[2023-12-11T21:21:50.482+0000] {local_task_job_runner.py:228} INFO - Task exited with return code 0
[2023-12-11T21:21:50.532+0000] {taskinstance.py:2778} INFO - 1 downstream tasks scheduled from follow-on schedule check
